<?xml version="1.0" encoding="UTF-8"?>
<!-- Generated by org.testng.reporters.JUnitReportReporter -->
<testsuite hostname="DESKTOP-T12C45I" failures="0" tests="7" name="org.test.SampleTest" time="179.210" errors="0" timestamp="2024-10-21T11:34:01 IST" skipped="0">
  <testcase classname="org.test.SampleTest" name="tc1" time="14.217"/>
  <system-out/>
  <testcase classname="org.test.SampleTest" name="tc5" time="15.110"/>
  <system-out/>
  <testcase classname="org.test.SampleTest" name="tc7" time="1.036"/>
  <system-out/>
  <testcase classname="org.test.SampleTest" name="tc4" time="28.645"/>
  <system-out/>
  <testcase classname="org.test.SampleTest" name="tc3" time="9.798"/>
  <system-out/>
  <testcase classname="org.test.SampleTest" name="tc2" time="16.605"/>
  <system-out/>
  <testcase classname="org.test.SampleTest" name="tc6" time="93.799"/>
  <system-out/>
</testsuite> <!-- org.test.SampleTest -->
